<?xml version="1.0" encoding="UTF-8"?>
<!-- Generated by org.testng.reporters.JUnitReportReporter -->
<testsuite hostname="L-156230891" failures="1" tests="11" name="cucumberOptions.TestRunnerAll" time="12.653" errors="0" timestamp="2020-09-08T10:26:10 IST" skipped="0">
  <testcase classname="cucumberOptions.TestRunnerAll" name="runScenario" time="0.801"/>
  <system-out/>
  <testcase classname="cucumberOptions.TestRunnerAll" name="runScenario" time="0.942"/>
  <system-out/>
  <testcase classname="cucumberOptions.TestRunnerAll" name="runScenario" time="1.031"/>
  <system-out/>
  <testcase classname="cucumberOptions.TestRunnerAll" name="runScenario" time="1.241"/>
  <system-out/>
  <testcase classname="cucumberOptions.TestRunnerAll" name="runScenario" time="0.477"/>
  <system-out/>
  <testcase classname="cucumberOptions.TestRunnerAll" name="runScenario" time="0.814"/>
  <system-out/>
  <testcase classname="cucumberOptions.TestRunnerAll" name="runScenario" time="0.502"/>
  <system-out/>
  <testcase classname="cucumberOptions.TestRunnerAll" name="runScenario" time="0.602"/>
  <system-out/>
  <testcase classname="cucumberOptions.TestRunnerAll" name="runScenario" time="0.297">
    <failure message="expected:&lt;404&gt; but was:&lt;200&gt;" type="java.lang.AssertionError">
      <![CDATA[java.lang.AssertionError: expected:<404> but was:<200>
at org.junit.Assert.fail(Assert.java:89)
at org.junit.Assert.failNotEquals(Assert.java:835)
at org.junit.Assert.assertEquals(Assert.java:647)
at org.junit.Assert.assertEquals(Assert.java:633)
at stepDefinition.ReqRes.response_has_status_code_as(ReqRes.java:77)
at âœ½.response has status code as 404(file:///C:/Users/wi20022508/eclipse-workspace/APIFrameworkDemo/src/test/java/features/ReqRes.feature:34)
]]>
    </failure>
  </testcase> <!-- runScenario -->
  <system-out/>
  <testcase classname="cucumberOptions.TestRunnerAll" name="runScenario" time="4.831"/>
  <system-out/>
  <testcase classname="cucumberOptions.TestRunnerAll" name="runScenario" time="1.115"/>
  <system-out/>
</testsuite> <!-- cucumberOptions.TestRunnerAll -->
